2024-08-31 18:13:07 [main] WARN  org.example.Main - Artista cadastrado com dados inválidos 
2024-08-31 18:30:38 [main] INFO  org.example.Log.Loggable - Artista Cadastrado: [] 
2024-08-31 18:30:38 [main] INFO  org.example.Main - Artista Cadastrado com sucesso 
2024-08-31 18:32:30 [main] INFO  org.example.Log.Loggable - Artista Cadastrado: [] 
2024-08-31 18:47:17 [main] INFO  org.example.Log.Loggable - Artista Cadastrado com sucesso 
2024-08-31 18:59:02 [main] INFO  org.example.Log.Loggable - Artista Cadastrado com sucesso 
2024-08-31 18:59:14 [main] INFO  org.example.Log.Loggable - Album cadastrado com sucesso 
2024-08-31 18:59:37 [main] INFO  org.example.Log.Loggable - Música Cadastrada com sucesso 
2024-08-31 19:20:33 [main] INFO  org.example.Log.Loggable - Artista Cadastrado com sucesso 
2024-08-31 19:20:48 [main] INFO  org.example.Log.Loggable - Album cadastrado com sucesso 
2024-08-31 19:21:00 [main] INFO  org.example.Log.Loggable - Música Cadastrada com sucesso 
2024-08-31 19:25:01 [main] INFO  org.example.Log.Loggable - Artista Cadastrado com sucesso 
2024-08-31 19:25:12 [main] INFO  org.example.Log.Loggable - Album cadastrado com sucesso 
2024-08-31 19:25:22 [main] INFO  org.example.Log.Loggable - Música Cadastrada com sucesso 
2024-08-31 19:29:53 [main] INFO  org.example.Log.Loggable - Artista Cadastrado com sucesso 
2024-08-31 19:33:45 [main] INFO  org.example.Log.Loggable - Artista Cadastrado com sucesso 
2024-08-31 19:34:09 [main] INFO  org.example.Log.Loggable - Album cadastrado com sucesso 
2024-08-31 19:34:45 [main] INFO  org.example.Log.Loggable - Música Cadastrada com sucesso 
2024-08-31 22:32:30 [main] INFO  org.example.Log.Loggable - Artista Cadastrado com sucesso 
2024-08-31 22:33:28 [main] INFO  org.example.Log.Loggable - Album cadastrado com sucesso 
2024-08-31 22:33:48 [main] INFO  org.example.Log.Loggable - Música Cadastrada com sucesso 
2024-09-01 11:26:48 [main] INFO  org.example.Log.Loggable - Artista Cadastrado com sucesso 
2024-09-01 11:28:17 [main] INFO  org.example.Log.Loggable - Artista Cadastrado com sucesso 
2024-09-01 11:28:35 [main] INFO  org.example.Log.Loggable - Album cadastrado com sucesso 
2024-09-01 11:28:42 [main] INFO  org.example.Log.Loggable - Música Cadastrada com sucesso 
2024-09-01 18:05:37 [main] INFO  org.example.Log.Loggable - Artista Cadastrado com sucesso 
2024-09-01 18:07:21 [main] INFO  org.example.Log.Loggable - Artista Cadastrado com sucesso 
2024-09-01 18:09:00 [main] INFO  org.example.Log.Loggable - Artista Cadastrado com sucesso 
2024-09-01 18:09:23 [main] INFO  org.example.Log.Loggable - Album cadastrado com sucesso 
2024-09-01 18:14:05 [main] WARN  org.example.Main - Artista com dados inválidos. O Artista não pode ser vazio 
2024-09-01 18:14:40 [main] INFO  org.example.Log.Loggable - Artista Cadastrado com sucesso 
2024-09-01 18:14:59 [main] INFO  org.example.Log.Loggable - Album cadastrado com sucesso 
2024-09-01 18:15:14 [main] INFO  org.example.Log.Loggable - Música Cadastrada com sucesso 
2024-09-01 18:32:40 [main] INFO  org.example.Log.Loggable - Artista Cadastrado com sucesso 
2024-09-01 18:32:52 [main] INFO  org.example.Log.Loggable - Artista Cadastrado com sucesso 
2024-09-01 20:18:07 [main] INFO  org.example.Log.Loggable - Artista Cadastrado com sucesso 
2024-09-01 20:18:17 [main] INFO  org.example.Log.Loggable - Artista excluido com sucesso 
2024-09-01 20:25:08 [main] INFO  org.example.Log.Loggable - Artista Cadastrado com sucesso 
2024-09-01 20:25:21 [main] INFO  org.example.Log.Loggable - Album cadastrado com sucesso 
2024-09-01 20:25:33 [main] INFO  org.example.Log.Loggable - Artista excluido com sucesso 
